2022-01-09 13:51:03,055 INFO o.s.b.StartupInfoLogger [restartedMain] Starting AbcCarSaleApplication using Java 1.8.0_271 on HYDLPT-2GMX5 with PID 3856 (C:\Users\ramannpr\support_works\car sale application\abc-carsale-application\target\classes started by ramannpr in C:\Users\ramannpr\support_works\car sale application\abc-carsale-application)
2022-01-09 13:51:03,086 DEBUG o.s.b.StartupInfoLogger [restartedMain] Running with Spring Boot v2.5.8, Spring v5.3.14
2022-01-09 13:51:03,087 INFO o.s.b.SpringApplication [restartedMain] No active profile set, falling back to default profiles: default
2022-01-09 13:51:03,118 INFO o.s.b.l.DeferredLog [restartedMain] Devtools property defaults active! Set 'spring.devtools.add-properties' to 'false' to disable
2022-01-09 13:51:03,119 INFO o.s.b.l.DeferredLog [restartedMain] For additional web related logging consider setting the 'logging.level.web' property to 'DEBUG'
2022-01-09 13:51:03,720 INFO o.s.d.r.c.RepositoryConfigurationDelegate [restartedMain] Bootstrapping Spring Data JPA repositories in DEFAULT mode.
2022-01-09 13:51:03,807 INFO o.s.d.r.c.RepositoryConfigurationDelegate [restartedMain] Finished Spring Data repository scanning in 78 ms. Found 6 JPA repository interfaces.
2022-01-09 13:51:04,171 INFO o.s.c.s.PostProcessorRegistrationDelegate$BeanPostProcessorChecker [restartedMain] Bean 'org.springframework.security.access.expression.method.DefaultMethodSecurityExpressionHandler@349d1130' of type [org.springframework.security.access.expression.method.DefaultMethodSecurityExpressionHandler] is not eligible for getting processed by all BeanPostProcessors (for example: not eligible for auto-proxying)
2022-01-09 13:51:04,178 INFO o.s.c.s.PostProcessorRegistrationDelegate$BeanPostProcessorChecker [restartedMain] Bean 'methodSecurityMetadataSource' of type [org.springframework.security.access.method.DelegatingMethodSecurityMetadataSource] is not eligible for getting processed by all BeanPostProcessors (for example: not eligible for auto-proxying)
2022-01-09 13:51:04,778 INFO o.s.b.w.e.t.TomcatWebServer [restartedMain] Tomcat initialized with port(s): 8081 (http)
2022-01-09 13:51:04,790 INFO o.a.j.l.DirectJDKLog [restartedMain] Initializing ProtocolHandler ["http-nio-8081"]
2022-01-09 13:51:04,790 INFO o.a.j.l.DirectJDKLog [restartedMain] Starting service [Tomcat]
2022-01-09 13:51:04,791 INFO o.a.j.l.DirectJDKLog [restartedMain] Starting Servlet engine: [Apache Tomcat/9.0.56]
2022-01-09 13:51:04,793 WARN o.a.j.l.DirectJDKLog [restartedMain] This listener must only be nested within Server elements, but is in [TomcatEmbeddedContext].
2022-01-09 13:51:04,793 INFO o.a.j.l.DirectJDKLog [restartedMain] An older version [1.2.27] of the Apache Tomcat Native library is installed, while Tomcat recommends a minimum version of [1.2.30]
2022-01-09 13:51:04,793 INFO o.a.j.l.DirectJDKLog [restartedMain] Loaded Apache Tomcat Native library [1.2.27] using APR version [1.7.0].
2022-01-09 13:51:04,794 INFO o.a.j.l.DirectJDKLog [restartedMain] APR capabilities: IPv6 [true], sendfile [true], accept filters [false], random [true], UDS [true].
2022-01-09 13:51:04,794 INFO o.a.j.l.DirectJDKLog [restartedMain] APR/OpenSSL configuration: useAprConnector [false], useOpenSSL [true]
2022-01-09 13:51:04,805 INFO o.a.j.l.DirectJDKLog [restartedMain] OpenSSL successfully initialized [OpenSSL 1.1.1k  25 Mar 2021]
2022-01-09 13:51:05,033 INFO o.a.j.l.DirectJDKLog [restartedMain] At least one JAR was scanned for TLDs yet contained no TLDs. Enable debug logging for this logger for a complete list of JARs that were scanned but no TLDs were found in them. Skipping unneeded JARs during scanning can improve startup time and JSP compilation time.
2022-01-09 13:51:05,040 INFO o.a.j.l.DirectJDKLog [restartedMain] Initializing Spring embedded WebApplicationContext
2022-01-09 13:51:05,040 INFO o.s.b.w.s.c.ServletWebServerApplicationContext [restartedMain] Root WebApplicationContext: initialization completed in 1921 ms
2022-01-09 13:51:05,210 INFO o.h.j.i.u.LogHelper [restartedMain] HHH000204: Processing PersistenceUnitInfo [name: default]
2022-01-09 13:51:05,292 INFO o.h.Version [restartedMain] HHH000412: Hibernate ORM core version 5.4.33
2022-01-09 13:51:05,478 INFO o.h.a.c.r.j.JavaReflectionManager [restartedMain] HCANN000001: Hibernate Commons Annotations {5.1.2.Final}
2022-01-09 13:51:05,609 INFO c.z.h.HikariDataSource [restartedMain] HikariPool-1 - Starting...
2022-01-09 13:51:06,264 INFO c.z.h.HikariDataSource [restartedMain] HikariPool-1 - Start completed.
2022-01-09 13:51:06,284 INFO o.h.d.Dialect [restartedMain] HHH000400: Using dialect: org.hibernate.dialect.MySQL5Dialect
2022-01-09 13:51:07,043 DEBUG o.h.e.j.s.SqlStatementLogger [restartedMain] create table transaction (transaction_id integer not null auto_increment, car_biding_price double precision not null, car_model varchar(255), car_number varchar(255), local_date_time datetime, user_name varchar(255), primary key (transaction_id)) engine=MyISAM
2022-01-09 13:51:07,061 DEBUG o.h.e.j.s.SqlStatementLogger [restartedMain] alter table users_roles add constraint FKj6m8fwv7oqv74fcehir1a9ffy foreign key (role_id) references roles (role_id)
2022-01-09 13:51:07,090 DEBUG o.h.e.j.s.SqlStatementLogger [restartedMain] alter table users_roles add constraint FKgd3iendaoyh04b95ykqise6qh foreign key (user_id) references user (user_id)
2022-01-09 13:51:07,117 INFO o.h.e.t.j.p.i.JtaPlatformInitiator [restartedMain] HHH000490: Using JtaPlatform implementation: [org.hibernate.engine.transaction.jta.platform.internal.NoJtaPlatform]
2022-01-09 13:51:07,126 INFO o.s.o.j.AbstractEntityManagerFactoryBean [restartedMain] Initialized JPA EntityManagerFactory for persistence unit 'default'
2022-01-09 13:51:07,170 WARN o.s.b.a.o.j.JpaBaseConfiguration$JpaWebConfiguration [restartedMain] spring.jpa.open-in-view is enabled by default. Therefore, database queries may be performed during view rendering. Explicitly configure spring.jpa.open-in-view to disable this warning
2022-01-09 13:51:07,960 INFO o.s.s.w.DefaultSecurityFilterChain [restartedMain] Will secure any request with [org.springframework.security.web.context.request.async.WebAsyncManagerIntegrationFilter@71df5b6, org.springframework.security.web.context.SecurityContextPersistenceFilter@674a8c90, org.springframework.security.web.header.HeaderWriterFilter@473c2451, org.springframework.security.web.authentication.logout.LogoutFilter@557249ab, org.springframework.security.web.authentication.www.BasicAuthenticationFilter@1717a03e, org.springframework.security.web.savedrequest.RequestCacheAwareFilter@474625a5, org.springframework.security.web.servletapi.SecurityContextHolderAwareRequestFilter@4c405958, org.springframework.security.web.authentication.AnonymousAuthenticationFilter@1c21996c, org.springframework.security.web.session.SessionManagementFilter@4e8101c7, org.springframework.security.web.access.ExceptionTranslationFilter@6b3a9080, org.springframework.security.web.access.intercept.FilterSecurityInterceptor@4a5ab91f]
2022-01-09 13:51:08,328 INFO o.s.b.d.a.OptionalLiveReloadServer [restartedMain] LiveReload server is running on port 35729
2022-01-09 13:51:08,344 INFO o.a.j.l.DirectJDKLog [restartedMain] Starting ProtocolHandler ["http-nio-8081"]
2022-01-09 13:51:08,381 INFO o.s.b.w.e.t.TomcatWebServer [restartedMain] Tomcat started on port(s): 8081 (http) with context path ''
2022-01-09 13:51:08,390 INFO o.s.b.StartupInfoLogger [restartedMain] Started AbcCarSaleApplication in 5.608 seconds (JVM running for 6.532)
2022-01-09 13:51:18,856 INFO o.a.j.l.DirectJDKLog [http-nio-8081-exec-1] Initializing Spring DispatcherServlet 'dispatcherServlet'
2022-01-09 13:51:18,857 INFO o.s.w.s.FrameworkServlet [http-nio-8081-exec-1] Initializing Servlet 'dispatcherServlet'
2022-01-09 13:51:18,858 INFO o.s.w.s.FrameworkServlet [http-nio-8081-exec-1] Completed initialization in 1 ms
2022-01-09 13:51:19,892 INFO c.c.a.s.RoleConvertor [http-nio-8081-exec-1] before calling role converter
2022-01-09 13:51:19,919 DEBUG o.h.e.j.s.SqlStatementLogger [http-nio-8081-exec-1] select role0_.role_id as role_id1_3_, role0_.user_role as user_rol2_3_ from roles role0_ where role0_.user_role=?
2022-01-09 13:51:19,950 INFO c.c.a.s.RoleConvertor [http-nio-8081-exec-1] before calling role converter
2022-01-09 13:51:19,951 DEBUG o.h.e.j.s.SqlStatementLogger [http-nio-8081-exec-1] select role0_.role_id as role_id1_3_, role0_.user_role as user_rol2_3_ from roles role0_ where role0_.user_role=?
2022-01-09 13:51:19,965 INFO c.c.a.s.RoleConvertor [http-nio-8081-exec-1] before calling role converter
2022-01-09 13:51:19,967 DEBUG o.h.e.j.s.SqlStatementLogger [http-nio-8081-exec-1] select role0_.role_id as role_id1_3_, role0_.user_role as user_rol2_3_ from roles role0_ where role0_.user_role=?
2022-01-09 13:51:19,970 INFO c.c.a.s.RoleConvertor [http-nio-8081-exec-1] before calling role converter
2022-01-09 13:51:19,971 DEBUG o.h.e.j.s.SqlStatementLogger [http-nio-8081-exec-1] select role0_.role_id as role_id1_3_, role0_.user_role as user_rol2_3_ from roles role0_ where role0_.user_role=?
2022-01-09 13:51:27,906 INFO c.c.a.c.LoginController [http-nio-8081-exec-3] Before login
2022-01-09 13:51:28,020 INFO c.c.a.s.SecureUserDetailsServiceImpl [http-nio-8081-exec-3] in  userdetails service
2022-01-09 13:51:28,022 DEBUG o.h.e.j.s.SqlStatementLogger [http-nio-8081-exec-3] select user0_.user_id as user_id1_5_, user0_.email_id as email_id2_5_, user0_.mobile_number as mobile_n3_5_, user0_.name as name4_5_, user0_.password as password5_5_, user0_.status as status6_5_, user0_.user_name as user_nam7_5_ from user user0_ where user0_.user_name=?
2022-01-09 13:51:28,040 DEBUG o.h.e.j.s.SqlStatementLogger [http-nio-8081-exec-3] select role0_.user_id as user_id1_6_0_, role0_.role_id as role_id2_6_0_, role1_.role_id as role_id1_3_1_, role1_.user_role as user_rol2_3_1_ from users_roles role0_ inner join roles role1_ on role0_.role_id=role1_.role_id where role0_.user_id=?
2022-01-09 13:51:28,158 INFO c.c.a.c.LoginController [http-nio-8081-exec-3] After login
2022-01-09 13:51:29,922 INFO c.c.a.c.HomePageController [http-nio-8081-exec-4] In Home page controller
2022-01-09 13:51:32,233 INFO c.c.a.c.BidingController [http-nio-8081-exec-5] In biding controller
2022-01-09 13:51:32,253 INFO c.c.a.s.BidingServiceImpl [http-nio-8081-exec-5] In service class before listing all biding details
2022-01-09 13:51:32,295 DEBUG o.h.e.j.s.SqlStatementLogger [http-nio-8081-exec-5] select bidingdeta0_.biding_id as biding_i1_0_, bidingdeta0_.car_biding_price as car_bidi2_0_, bidingdeta0_.car_model as car_mode3_0_, bidingdeta0_.car_number as car_numb4_0_, bidingdeta0_.date as date5_0_, bidingdeta0_.status as status6_0_, bidingdeta0_.user_name as user_nam7_0_ from biding_details bidingdeta0_
2022-01-09 13:51:32,304 INFO c.c.a.s.BidingServiceImpl [http-nio-8081-exec-5] In service class after listing all biding details
2022-01-09 13:51:39,565 WARN o.s.w.s.m.m.a.ResponseEntityExceptionHandler [http-nio-8081-exec-6] Request method 'GET' not supported
2022-01-09 13:51:39,588 WARN o.s.w.s.h.AbstractHandlerExceptionResolver [http-nio-8081-exec-6] Resolved [org.springframework.web.HttpRequestMethodNotSupportedException: Request method 'GET' not supported]
2022-01-09 13:52:58,849 INFO c.c.a.c.BidingController [http-nio-8081-exec-9] In biding controller
2022-01-09 13:52:58,850 INFO c.c.a.s.BidingServiceImpl [http-nio-8081-exec-9] In service class before listing all biding details
2022-01-09 13:52:58,851 DEBUG o.h.e.j.s.SqlStatementLogger [http-nio-8081-exec-9] select bidingdeta0_.biding_id as biding_i1_0_, bidingdeta0_.car_biding_price as car_bidi2_0_, bidingdeta0_.car_model as car_mode3_0_, bidingdeta0_.car_number as car_numb4_0_, bidingdeta0_.date as date5_0_, bidingdeta0_.status as status6_0_, bidingdeta0_.user_name as user_nam7_0_ from biding_details bidingdeta0_
2022-01-09 13:52:58,853 INFO c.c.a.s.BidingServiceImpl [http-nio-8081-exec-9] In service class after listing all biding details
2022-01-09 13:53:04,089 INFO c.c.a.c.HomePageController [http-nio-8081-exec-10] In Home page controller
2022-01-09 13:53:06,961 INFO c.c.a.c.HomePageController [http-nio-8081-exec-2] In Home page controller
2022-01-09 13:53:09,625 INFO c.c.a.c.CarOperationsController [http-nio-8081-exec-3] In car operations controller
2022-01-09 13:53:09,636 INFO c.c.a.s.CarServiceImpl [http-nio-8081-exec-3] In service class before fetching all car details
2022-01-09 13:53:09,641 DEBUG o.h.e.j.s.SqlStatementLogger [http-nio-8081-exec-3] select car0_.car_id as car_id1_1_, car0_.car_model as car_mode2_1_, car0_.car_number as car_numb3_1_, car0_.file as file4_1_, car0_.price as price5_1_, car0_.registration_year as registra6_1_, car0_.status as status7_1_, car0_.user_name as user_nam8_1_ from car car0_
2022-01-09 13:53:09,645 INFO c.c.a.s.CarServiceImpl [http-nio-8081-exec-3] In service class after fetching all car details
2022-01-09 13:53:12,257 INFO c.c.a.c.HomePageController [http-nio-8081-exec-7] In Home page controller
2022-01-09 13:53:13,927 INFO c.c.a.c.HomePageController [http-nio-8081-exec-8] In Home page controller
2022-01-09 13:53:15,569 INFO c.c.a.c.HomePageController [http-nio-8081-exec-9] In Home page controller
2022-01-09 13:53:17,352 INFO c.c.a.c.BidingController [http-nio-8081-exec-10] In biding controller
2022-01-09 13:53:17,355 INFO c.c.a.s.BidingServiceImpl [http-nio-8081-exec-10] In service class before listing all biding details
2022-01-09 13:53:17,355 DEBUG o.h.e.j.s.SqlStatementLogger [http-nio-8081-exec-10] select bidingdeta0_.biding_id as biding_i1_0_, bidingdeta0_.car_biding_price as car_bidi2_0_, bidingdeta0_.car_model as car_mode3_0_, bidingdeta0_.car_number as car_numb4_0_, bidingdeta0_.date as date5_0_, bidingdeta0_.status as status6_0_, bidingdeta0_.user_name as user_nam7_0_ from biding_details bidingdeta0_
2022-01-09 13:53:17,357 INFO c.c.a.s.BidingServiceImpl [http-nio-8081-exec-10] In service class after listing all biding details
