2022-01-09 15:52:46,088 INFO o.s.b.StartupInfoLogger [restartedMain] Starting AbcCarSaleApplication using Java 1.8.0_271 on HYDLPT-2GMX5 with PID 20820 (C:\Users\ramannpr\support_works\car sale application\abc-carsale-application\target\classes started by ramannpr in C:\Users\ramannpr\support_works\car sale application\abc-carsale-application)
2022-01-09 15:52:46,196 DEBUG o.s.b.StartupInfoLogger [restartedMain] Running with Spring Boot v2.5.8, Spring v5.3.14
2022-01-09 15:52:46,198 INFO o.s.b.SpringApplication [restartedMain] No active profile set, falling back to default profiles: default
2022-01-09 15:52:46,381 INFO o.s.b.l.DeferredLog [restartedMain] Devtools property defaults active! Set 'spring.devtools.add-properties' to 'false' to disable
2022-01-09 15:52:46,382 INFO o.s.b.l.DeferredLog [restartedMain] For additional web related logging consider setting the 'logging.level.web' property to 'DEBUG'
2022-01-09 15:52:48,580 INFO o.s.d.r.c.RepositoryConfigurationDelegate [restartedMain] Bootstrapping Spring Data JPA repositories in DEFAULT mode.
2022-01-09 15:52:48,792 INFO o.s.d.r.c.RepositoryConfigurationDelegate [restartedMain] Finished Spring Data repository scanning in 191 ms. Found 6 JPA repository interfaces.
2022-01-09 15:52:49,577 INFO o.s.c.s.PostProcessorRegistrationDelegate$BeanPostProcessorChecker [restartedMain] Bean 'org.springframework.security.access.expression.method.DefaultMethodSecurityExpressionHandler@51fc7b68' of type [org.springframework.security.access.expression.method.DefaultMethodSecurityExpressionHandler] is not eligible for getting processed by all BeanPostProcessors (for example: not eligible for auto-proxying)
2022-01-09 15:52:49,589 INFO o.s.c.s.PostProcessorRegistrationDelegate$BeanPostProcessorChecker [restartedMain] Bean 'methodSecurityMetadataSource' of type [org.springframework.security.access.method.DelegatingMethodSecurityMetadataSource] is not eligible for getting processed by all BeanPostProcessors (for example: not eligible for auto-proxying)
2022-01-09 15:52:50,995 INFO o.s.b.w.e.t.TomcatWebServer [restartedMain] Tomcat initialized with port(s): 8081 (http)
2022-01-09 15:52:51,015 INFO o.a.j.l.DirectJDKLog [restartedMain] Initializing ProtocolHandler ["http-nio-8081"]
2022-01-09 15:52:51,017 INFO o.a.j.l.DirectJDKLog [restartedMain] Starting service [Tomcat]
2022-01-09 15:52:51,018 INFO o.a.j.l.DirectJDKLog [restartedMain] Starting Servlet engine: [Apache Tomcat/9.0.56]
2022-01-09 15:52:51,023 WARN o.a.j.l.DirectJDKLog [restartedMain] This listener must only be nested within Server elements, but is in [TomcatEmbeddedContext].
2022-01-09 15:52:51,024 INFO o.a.j.l.DirectJDKLog [restartedMain] An older version [1.2.27] of the Apache Tomcat Native library is installed, while Tomcat recommends a minimum version of [1.2.30]
2022-01-09 15:52:51,024 INFO o.a.j.l.DirectJDKLog [restartedMain] Loaded Apache Tomcat Native library [1.2.27] using APR version [1.7.0].
2022-01-09 15:52:51,025 INFO o.a.j.l.DirectJDKLog [restartedMain] APR capabilities: IPv6 [true], sendfile [true], accept filters [false], random [true], UDS [true].
2022-01-09 15:52:51,025 INFO o.a.j.l.DirectJDKLog [restartedMain] APR/OpenSSL configuration: useAprConnector [false], useOpenSSL [true]
2022-01-09 15:52:51,030 INFO o.a.j.l.DirectJDKLog [restartedMain] OpenSSL successfully initialized [OpenSSL 1.1.1k  25 Mar 2021]
2022-01-09 15:52:51,563 INFO o.a.j.l.DirectJDKLog [restartedMain] At least one JAR was scanned for TLDs yet contained no TLDs. Enable debug logging for this logger for a complete list of JARs that were scanned but no TLDs were found in them. Skipping unneeded JARs during scanning can improve startup time and JSP compilation time.
2022-01-09 15:52:51,581 INFO o.a.j.l.DirectJDKLog [restartedMain] Initializing Spring embedded WebApplicationContext
2022-01-09 15:52:51,582 INFO o.s.b.w.s.c.ServletWebServerApplicationContext [restartedMain] Root WebApplicationContext: initialization completed in 5197 ms
2022-01-09 15:52:52,013 INFO o.h.j.i.u.LogHelper [restartedMain] HHH000204: Processing PersistenceUnitInfo [name: default]
2022-01-09 15:52:52,149 INFO o.h.Version [restartedMain] HHH000412: Hibernate ORM core version 5.4.33
2022-01-09 15:52:52,612 INFO o.h.a.c.r.j.JavaReflectionManager [restartedMain] HCANN000001: Hibernate Commons Annotations {5.1.2.Final}
2022-01-09 15:52:52,865 INFO c.z.h.HikariDataSource [restartedMain] HikariPool-1 - Starting...
2022-01-09 15:52:54,676 INFO c.z.h.HikariDataSource [restartedMain] HikariPool-1 - Start completed.
2022-01-09 15:52:54,741 INFO o.h.d.Dialect [restartedMain] HHH000400: Using dialect: org.hibernate.dialect.MySQL5Dialect
2022-01-09 15:52:57,225 DEBUG o.h.e.j.s.SqlStatementLogger [restartedMain] alter table users_roles add constraint FKj6m8fwv7oqv74fcehir1a9ffy foreign key (role_id) references roles (role_id)
2022-01-09 15:52:57,302 DEBUG o.h.e.j.s.SqlStatementLogger [restartedMain] alter table users_roles add constraint FKgd3iendaoyh04b95ykqise6qh foreign key (user_id) references user (user_id)
2022-01-09 15:52:57,365 INFO o.h.e.t.j.p.i.JtaPlatformInitiator [restartedMain] HHH000490: Using JtaPlatform implementation: [org.hibernate.engine.transaction.jta.platform.internal.NoJtaPlatform]
2022-01-09 15:52:57,385 INFO o.s.o.j.AbstractEntityManagerFactoryBean [restartedMain] Initialized JPA EntityManagerFactory for persistence unit 'default'
2022-01-09 15:52:57,509 WARN o.s.b.a.o.j.JpaBaseConfiguration$JpaWebConfiguration [restartedMain] spring.jpa.open-in-view is enabled by default. Therefore, database queries may be performed during view rendering. Explicitly configure spring.jpa.open-in-view to disable this warning
2022-01-09 15:52:59,996 INFO o.s.s.w.DefaultSecurityFilterChain [restartedMain] Will secure any request with [org.springframework.security.web.context.request.async.WebAsyncManagerIntegrationFilter@a2c7378, org.springframework.security.web.context.SecurityContextPersistenceFilter@564e3cb, org.springframework.security.web.header.HeaderWriterFilter@2b7c141b, org.springframework.security.web.authentication.logout.LogoutFilter@eb3681a, org.springframework.security.web.authentication.www.BasicAuthenticationFilter@4c7622f, org.springframework.security.web.savedrequest.RequestCacheAwareFilter@6b06b136, org.springframework.security.web.servletapi.SecurityContextHolderAwareRequestFilter@15fb886b, org.springframework.security.web.authentication.AnonymousAuthenticationFilter@4dc3a8ca, org.springframework.security.web.session.SessionManagementFilter@18817bc4, org.springframework.security.web.access.ExceptionTranslationFilter@658877cd, org.springframework.security.web.access.intercept.FilterSecurityInterceptor@505474cc]
2022-01-09 15:53:01,034 INFO o.s.b.d.a.OptionalLiveReloadServer [restartedMain] LiveReload server is running on port 35729
2022-01-09 15:53:01,084 INFO o.a.j.l.DirectJDKLog [restartedMain] Starting ProtocolHandler ["http-nio-8081"]
2022-01-09 15:53:01,166 INFO o.s.b.w.e.t.TomcatWebServer [restartedMain] Tomcat started on port(s): 8081 (http) with context path ''
2022-01-09 15:53:01,193 INFO o.s.b.StartupInfoLogger [restartedMain] Started AbcCarSaleApplication in 16.03 seconds (JVM running for 17.933)
2022-01-09 15:53:07,879 INFO o.a.j.l.DirectJDKLog [http-nio-8081-exec-1] Initializing Spring DispatcherServlet 'dispatcherServlet'
2022-01-09 15:53:07,880 INFO o.s.w.s.FrameworkServlet [http-nio-8081-exec-1] Initializing Servlet 'dispatcherServlet'
2022-01-09 15:53:07,882 INFO o.s.w.s.FrameworkServlet [http-nio-8081-exec-1] Completed initialization in 2 ms
2022-01-09 15:53:18,595 INFO c.c.a.c.LoginController [http-nio-8081-exec-3] Before login
2022-01-09 15:53:18,749 INFO c.c.a.s.SecureUserDetailsServiceImpl [http-nio-8081-exec-3] in  userdetails service
2022-01-09 15:53:18,794 DEBUG o.h.e.j.s.SqlStatementLogger [http-nio-8081-exec-3] select user0_.user_id as user_id1_5_, user0_.email_id as email_id2_5_, user0_.mobile_number as mobile_n3_5_, user0_.name as name4_5_, user0_.password as password5_5_, user0_.status as status6_5_, user0_.user_name as user_nam7_5_ from user user0_ where user0_.user_name=?
2022-01-09 15:53:18,852 DEBUG o.h.e.j.s.SqlStatementLogger [http-nio-8081-exec-3] select role0_.user_id as user_id1_6_0_, role0_.role_id as role_id2_6_0_, role1_.role_id as role_id1_3_1_, role1_.user_role as user_rol2_3_1_ from users_roles role0_ inner join roles role1_ on role0_.role_id=role1_.role_id where role0_.user_id=?
2022-01-09 15:53:19,020 INFO c.c.a.c.LoginController [http-nio-8081-exec-3] After login
2022-01-09 15:53:26,091 INFO c.c.a.c.HomePageController [http-nio-8081-exec-4] In Home page controller
2022-01-09 15:53:28,892 INFO c.c.a.c.CarOperationsController [http-nio-8081-exec-5] In car operations controller
2022-01-09 15:53:28,920 INFO c.c.a.s.CarServiceImpl [http-nio-8081-exec-5] In service class before fetching all car details
2022-01-09 15:53:28,926 DEBUG o.h.e.j.s.SqlStatementLogger [http-nio-8081-exec-5] select car0_.car_id as car_id1_1_, car0_.car_model as car_mode2_1_, car0_.car_number as car_numb3_1_, car0_.file as file4_1_, car0_.price as price5_1_, car0_.registration_year as registra6_1_, car0_.status as status7_1_, car0_.user_name as user_nam8_1_ from car car0_ where car0_.user_name=?
2022-01-09 15:53:28,933 INFO c.c.a.s.CarServiceImpl [http-nio-8081-exec-5] In service class after fetching all car details
2022-01-09 15:53:37,462 INFO c.c.a.c.HomePageController [http-nio-8081-exec-7] In Home page controller
2022-01-09 15:54:01,269 INFO c.c.a.c.CarOperationsController [http-nio-8081-exec-9] In car operations controller
2022-01-09 15:54:01,290 INFO c.c.a.s.CarServiceImpl [http-nio-8081-exec-9] In service class before save car details
2022-01-09 15:54:01,317 DEBUG o.h.e.j.s.SqlStatementLogger [http-nio-8081-exec-9] insert into car (car_model, car_number, file, price, registration_year, status, user_name) values (?, ?, ?, ?, ?, ?, ?)
2022-01-09 15:54:01,336 INFO c.c.a.s.CarServiceImpl [http-nio-8081-exec-9] In service class after save car details
2022-01-09 15:54:02,734 INFO c.c.a.c.HomePageController [http-nio-8081-exec-10] In Home page controller
2022-01-09 15:54:05,459 INFO c.c.a.c.CarOperationsController [http-nio-8081-exec-1] In car operations controller
2022-01-09 15:54:05,462 INFO c.c.a.s.CarServiceImpl [http-nio-8081-exec-1] In service class before fetching all car details
2022-01-09 15:54:05,466 DEBUG o.h.e.j.s.SqlStatementLogger [http-nio-8081-exec-1] select car0_.car_id as car_id1_1_, car0_.car_model as car_mode2_1_, car0_.car_number as car_numb3_1_, car0_.file as file4_1_, car0_.price as price5_1_, car0_.registration_year as registra6_1_, car0_.status as status7_1_, car0_.user_name as user_nam8_1_ from car car0_ where car0_.user_name=?
2022-01-09 15:54:05,472 INFO c.c.a.s.CarServiceImpl [http-nio-8081-exec-1] In service class after fetching all car details
