2022-01-08 16:58:40,528 INFO o.s.b.StartupInfoLogger [restartedMain] Starting AbcCarSaleApplication using Java 1.8.0_271 on HYDLPT-2GMX5 with PID 9180 (C:\Users\ramannpr\support_works\car sale application\abc-carsale-application\target\classes started by ramannpr in C:\Users\ramannpr\support_works\car sale application\abc-carsale-application)
2022-01-08 16:58:40,558 DEBUG o.s.b.StartupInfoLogger [restartedMain] Running with Spring Boot v2.5.8, Spring v5.3.14
2022-01-08 16:58:40,560 INFO o.s.b.SpringApplication [restartedMain] No active profile set, falling back to default profiles: default
2022-01-08 16:58:40,722 INFO o.s.b.l.DeferredLog [restartedMain] Devtools property defaults active! Set 'spring.devtools.add-properties' to 'false' to disable
2022-01-08 16:58:40,724 INFO o.s.b.l.DeferredLog [restartedMain] For additional web related logging consider setting the 'logging.level.web' property to 'DEBUG'
2022-01-08 16:58:42,283 INFO o.s.d.r.c.RepositoryConfigurationDelegate [restartedMain] Bootstrapping Spring Data JPA repositories in DEFAULT mode.
2022-01-08 16:58:42,474 INFO o.s.d.r.c.RepositoryConfigurationDelegate [restartedMain] Finished Spring Data repository scanning in 176 ms. Found 5 JPA repository interfaces.
2022-01-08 16:58:43,290 INFO o.s.c.s.PostProcessorRegistrationDelegate$BeanPostProcessorChecker [restartedMain] Bean 'org.springframework.security.access.expression.method.DefaultMethodSecurityExpressionHandler@52dbc3b8' of type [org.springframework.security.access.expression.method.DefaultMethodSecurityExpressionHandler] is not eligible for getting processed by all BeanPostProcessors (for example: not eligible for auto-proxying)
2022-01-08 16:58:43,302 INFO o.s.c.s.PostProcessorRegistrationDelegate$BeanPostProcessorChecker [restartedMain] Bean 'methodSecurityMetadataSource' of type [org.springframework.security.access.method.DelegatingMethodSecurityMetadataSource] is not eligible for getting processed by all BeanPostProcessors (for example: not eligible for auto-proxying)
2022-01-08 16:58:44,733 INFO o.s.b.w.e.t.TomcatWebServer [restartedMain] Tomcat initialized with port(s): 8081 (http)
2022-01-08 16:58:44,751 INFO o.a.j.l.DirectJDKLog [restartedMain] Initializing ProtocolHandler ["http-nio-8081"]
2022-01-08 16:58:44,752 INFO o.a.j.l.DirectJDKLog [restartedMain] Starting service [Tomcat]
2022-01-08 16:58:44,752 INFO o.a.j.l.DirectJDKLog [restartedMain] Starting Servlet engine: [Apache Tomcat/9.0.56]
2022-01-08 16:58:44,757 WARN o.a.j.l.DirectJDKLog [restartedMain] This listener must only be nested within Server elements, but is in [TomcatEmbeddedContext].
2022-01-08 16:58:44,758 INFO o.a.j.l.DirectJDKLog [restartedMain] An older version [1.2.27] of the Apache Tomcat Native library is installed, while Tomcat recommends a minimum version of [1.2.30]
2022-01-08 16:58:44,759 INFO o.a.j.l.DirectJDKLog [restartedMain] Loaded Apache Tomcat Native library [1.2.27] using APR version [1.7.0].
2022-01-08 16:58:44,760 INFO o.a.j.l.DirectJDKLog [restartedMain] APR capabilities: IPv6 [true], sendfile [true], accept filters [false], random [true], UDS [true].
2022-01-08 16:58:44,761 INFO o.a.j.l.DirectJDKLog [restartedMain] APR/OpenSSL configuration: useAprConnector [false], useOpenSSL [true]
2022-01-08 16:58:44,769 INFO o.a.j.l.DirectJDKLog [restartedMain] OpenSSL successfully initialized [OpenSSL 1.1.1k  25 Mar 2021]
2022-01-08 16:58:45,281 INFO o.a.j.l.DirectJDKLog [restartedMain] At least one JAR was scanned for TLDs yet contained no TLDs. Enable debug logging for this logger for a complete list of JARs that were scanned but no TLDs were found in them. Skipping unneeded JARs during scanning can improve startup time and JSP compilation time.
2022-01-08 16:58:45,294 INFO o.a.j.l.DirectJDKLog [restartedMain] Initializing Spring embedded WebApplicationContext
2022-01-08 16:58:45,295 INFO o.s.b.w.s.c.ServletWebServerApplicationContext [restartedMain] Root WebApplicationContext: initialization completed in 4570 ms
2022-01-08 16:58:45,655 INFO o.h.j.i.u.LogHelper [restartedMain] HHH000204: Processing PersistenceUnitInfo [name: default]
2022-01-08 16:58:45,759 INFO o.h.Version [restartedMain] HHH000412: Hibernate ORM core version 5.4.33
2022-01-08 16:58:45,971 INFO o.h.a.c.r.j.JavaReflectionManager [restartedMain] HCANN000001: Hibernate Commons Annotations {5.1.2.Final}
2022-01-08 16:58:46,139 INFO c.z.h.HikariDataSource [restartedMain] HikariPool-1 - Starting...
2022-01-08 16:58:47,277 INFO c.z.h.HikariDataSource [restartedMain] HikariPool-1 - Start completed.
2022-01-08 16:58:47,311 INFO o.h.d.Dialect [restartedMain] HHH000400: Using dialect: org.hibernate.dialect.MySQL5Dialect
2022-01-08 16:58:49,072 DEBUG o.h.e.j.s.SqlStatementLogger [restartedMain] alter table users_roles add constraint FKj6m8fwv7oqv74fcehir1a9ffy foreign key (role_id) references roles (role_id)
2022-01-08 16:58:49,161 DEBUG o.h.e.j.s.SqlStatementLogger [restartedMain] alter table users_roles add constraint FKgd3iendaoyh04b95ykqise6qh foreign key (user_id) references user (user_id)
2022-01-08 16:58:49,231 INFO o.h.e.t.j.p.i.JtaPlatformInitiator [restartedMain] HHH000490: Using JtaPlatform implementation: [org.hibernate.engine.transaction.jta.platform.internal.NoJtaPlatform]
2022-01-08 16:58:49,245 INFO o.s.o.j.AbstractEntityManagerFactoryBean [restartedMain] Initialized JPA EntityManagerFactory for persistence unit 'default'
2022-01-08 16:58:49,352 WARN o.s.b.a.o.j.JpaBaseConfiguration$JpaWebConfiguration [restartedMain] spring.jpa.open-in-view is enabled by default. Therefore, database queries may be performed during view rendering. Explicitly configure spring.jpa.open-in-view to disable this warning
2022-01-08 16:58:51,166 INFO o.s.s.w.DefaultSecurityFilterChain [restartedMain] Will secure any request with [org.springframework.security.web.context.request.async.WebAsyncManagerIntegrationFilter@5da00c25, org.springframework.security.web.context.SecurityContextPersistenceFilter@309d509, org.springframework.security.web.header.HeaderWriterFilter@3b210208, org.springframework.security.web.authentication.logout.LogoutFilter@3a863c43, org.springframework.security.web.authentication.www.BasicAuthenticationFilter@6445a2a3, org.springframework.security.web.savedrequest.RequestCacheAwareFilter@446dca2, org.springframework.security.web.servletapi.SecurityContextHolderAwareRequestFilter@41decd37, org.springframework.security.web.authentication.AnonymousAuthenticationFilter@2f60ca20, org.springframework.security.web.session.SessionManagementFilter@49471119, org.springframework.security.web.access.ExceptionTranslationFilter@7d14626, org.springframework.security.web.access.intercept.FilterSecurityInterceptor@773ff203]
2022-01-08 16:58:51,973 INFO o.s.b.d.a.OptionalLiveReloadServer [restartedMain] LiveReload server is running on port 35729
2022-01-08 16:58:52,015 INFO o.a.j.l.DirectJDKLog [restartedMain] Starting ProtocolHandler ["http-nio-8081"]
2022-01-08 16:58:52,063 INFO o.s.b.w.e.t.TomcatWebServer [restartedMain] Tomcat started on port(s): 8081 (http) with context path ''
2022-01-08 16:58:52,082 INFO o.s.b.StartupInfoLogger [restartedMain] Started AbcCarSaleApplication in 12.2 seconds (JVM running for 13.826)
2022-01-08 16:59:01,126 INFO o.a.j.l.DirectJDKLog [http-nio-8081-exec-1] Initializing Spring DispatcherServlet 'dispatcherServlet'
2022-01-08 16:59:01,127 INFO o.s.w.s.FrameworkServlet [http-nio-8081-exec-1] Initializing Servlet 'dispatcherServlet'
2022-01-08 16:59:01,130 INFO o.s.w.s.FrameworkServlet [http-nio-8081-exec-1] Completed initialization in 2 ms
2022-01-08 16:59:11,685 INFO c.c.a.c.LoginController [http-nio-8081-exec-2] Before login
2022-01-08 16:59:11,917 INFO c.c.a.s.SecureUserDetailsServiceImpl [http-nio-8081-exec-2] in  userdetails service
2022-01-08 16:59:11,972 DEBUG o.h.e.j.s.SqlStatementLogger [http-nio-8081-exec-2] select user0_.user_id as user_id1_4_, user0_.email_id as email_id2_4_, user0_.mobile_number as mobile_n3_4_, user0_.name as name4_4_, user0_.password as password5_4_, user0_.status as status6_4_, user0_.user_name as user_nam7_4_ from user user0_ where user0_.user_name=?
2022-01-08 16:59:12,082 WARN o.s.w.s.h.AbstractHandlerExceptionResolver [http-nio-8081-exec-2] Resolved [org.springframework.security.authentication.InternalAuthenticationServiceException: No value present]
2022-01-08 16:59:49,785 INFO o.s.o.j.AbstractEntityManagerFactoryBean [Thread-6] Closing JPA EntityManagerFactory for persistence unit 'default'
2022-01-08 16:59:49,794 INFO c.z.h.HikariDataSource [Thread-6] HikariPool-1 - Shutdown initiated...
2022-01-08 16:59:49,818 INFO c.z.h.HikariDataSource [Thread-6] HikariPool-1 - Shutdown completed.
2022-01-08 16:59:50,253 INFO o.s.b.StartupInfoLogger [restartedMain] Starting AbcCarSaleApplication using Java 1.8.0_271 on HYDLPT-2GMX5 with PID 9180 (C:\Users\ramannpr\support_works\car sale application\abc-carsale-application\target\classes started by ramannpr in C:\Users\ramannpr\support_works\car sale application\abc-carsale-application)
2022-01-08 16:59:50,255 DEBUG o.s.b.StartupInfoLogger [restartedMain] Running with Spring Boot v2.5.8, Spring v5.3.14
2022-01-08 16:59:50,256 INFO o.s.b.SpringApplication [restartedMain] No active profile set, falling back to default profiles: default
2022-01-08 16:59:50,741 INFO o.s.d.r.c.RepositoryConfigurationDelegate [restartedMain] Bootstrapping Spring Data JPA repositories in DEFAULT mode.
2022-01-08 16:59:50,812 INFO o.s.d.r.c.RepositoryConfigurationDelegate [restartedMain] Finished Spring Data repository scanning in 69 ms. Found 5 JPA repository interfaces.
2022-01-08 16:59:50,936 INFO o.s.c.s.PostProcessorRegistrationDelegate$BeanPostProcessorChecker [restartedMain] Bean 'org.springframework.security.access.expression.method.DefaultMethodSecurityExpressionHandler@5a71028c' of type [org.springframework.security.access.expression.method.DefaultMethodSecurityExpressionHandler] is not eligible for getting processed by all BeanPostProcessors (for example: not eligible for auto-proxying)
2022-01-08 16:59:50,939 INFO o.s.c.s.PostProcessorRegistrationDelegate$BeanPostProcessorChecker [restartedMain] Bean 'methodSecurityMetadataSource' of type [org.springframework.security.access.method.DelegatingMethodSecurityMetadataSource] is not eligible for getting processed by all BeanPostProcessors (for example: not eligible for auto-proxying)
2022-01-08 16:59:51,183 INFO o.s.b.w.e.t.TomcatWebServer [restartedMain] Tomcat initialized with port(s): 8081 (http)
2022-01-08 16:59:51,184 INFO o.a.j.l.DirectJDKLog [restartedMain] Initializing ProtocolHandler ["http-nio-8081"]
2022-01-08 16:59:51,185 INFO o.a.j.l.DirectJDKLog [restartedMain] Starting service [Tomcat]
2022-01-08 16:59:51,186 INFO o.a.j.l.DirectJDKLog [restartedMain] Starting Servlet engine: [Apache Tomcat/9.0.56]
2022-01-08 16:59:51,187 WARN o.a.j.l.DirectJDKLog [restartedMain] This listener must only be nested within Server elements, but is in [TomcatEmbeddedContext].
2022-01-08 16:59:51,188 INFO o.a.j.l.DirectJDKLog [restartedMain] An older version [1.2.27] of the Apache Tomcat Native library is installed, while Tomcat recommends a minimum version of [1.2.30]
2022-01-08 16:59:51,188 INFO o.a.j.l.DirectJDKLog [restartedMain] Loaded Apache Tomcat Native library [1.2.27] using APR version [1.7.0].
2022-01-08 16:59:51,189 INFO o.a.j.l.DirectJDKLog [restartedMain] APR capabilities: IPv6 [true], sendfile [true], accept filters [false], random [true], UDS [true].
2022-01-08 16:59:51,190 INFO o.a.j.l.DirectJDKLog [restartedMain] APR/OpenSSL configuration: useAprConnector [false], useOpenSSL [true]
2022-01-08 16:59:51,191 INFO o.a.j.l.DirectJDKLog [restartedMain] OpenSSL successfully initialized [OpenSSL 1.1.1k  25 Mar 2021]
2022-01-08 16:59:51,426 INFO o.a.j.l.DirectJDKLog [restartedMain] At least one JAR was scanned for TLDs yet contained no TLDs. Enable debug logging for this logger for a complete list of JARs that were scanned but no TLDs were found in them. Skipping unneeded JARs during scanning can improve startup time and JSP compilation time.
2022-01-08 16:59:51,432 INFO o.a.j.l.DirectJDKLog [restartedMain] Initializing Spring embedded WebApplicationContext
2022-01-08 16:59:51,433 INFO o.s.b.w.s.c.ServletWebServerApplicationContext [restartedMain] Root WebApplicationContext: initialization completed in 1172 ms
2022-01-08 16:59:51,534 INFO o.h.j.i.u.LogHelper [restartedMain] HHH000204: Processing PersistenceUnitInfo [name: default]
2022-01-08 16:59:51,546 INFO c.z.h.HikariDataSource [restartedMain] HikariPool-2 - Starting...
2022-01-08 16:59:51,621 INFO c.z.h.HikariDataSource [restartedMain] HikariPool-2 - Start completed.
2022-01-08 16:59:51,622 INFO o.h.d.Dialect [restartedMain] HHH000400: Using dialect: org.hibernate.dialect.MySQL5Dialect
2022-01-08 16:59:51,805 DEBUG o.h.e.j.s.SqlStatementLogger [restartedMain] alter table users_roles add constraint FKj6m8fwv7oqv74fcehir1a9ffy foreign key (role_id) references roles (role_id)
2022-01-08 16:59:51,906 DEBUG o.h.e.j.s.SqlStatementLogger [restartedMain] alter table users_roles add constraint FKgd3iendaoyh04b95ykqise6qh foreign key (user_id) references user (user_id)
2022-01-08 16:59:51,975 INFO o.h.e.t.j.p.i.JtaPlatformInitiator [restartedMain] HHH000490: Using JtaPlatform implementation: [org.hibernate.engine.transaction.jta.platform.internal.NoJtaPlatform]
2022-01-08 16:59:51,976 INFO o.s.o.j.AbstractEntityManagerFactoryBean [restartedMain] Initialized JPA EntityManagerFactory for persistence unit 'default'
2022-01-08 16:59:52,023 WARN o.s.b.a.o.j.JpaBaseConfiguration$JpaWebConfiguration [restartedMain] spring.jpa.open-in-view is enabled by default. Therefore, database queries may be performed during view rendering. Explicitly configure spring.jpa.open-in-view to disable this warning
2022-01-08 16:59:52,446 INFO o.s.s.w.DefaultSecurityFilterChain [restartedMain] Will secure any request with [org.springframework.security.web.context.request.async.WebAsyncManagerIntegrationFilter@24e8d47c, org.springframework.security.web.context.SecurityContextPersistenceFilter@73d7e7d2, org.springframework.security.web.header.HeaderWriterFilter@15dc7dd1, org.springframework.security.web.authentication.logout.LogoutFilter@3696cbab, org.springframework.security.web.authentication.www.BasicAuthenticationFilter@2d6164dd, org.springframework.security.web.savedrequest.RequestCacheAwareFilter@1632e2d3, org.springframework.security.web.servletapi.SecurityContextHolderAwareRequestFilter@60763731, org.springframework.security.web.authentication.AnonymousAuthenticationFilter@46b78724, org.springframework.security.web.session.SessionManagementFilter@71ed7649, org.springframework.security.web.access.ExceptionTranslationFilter@195f9be0, org.springframework.security.web.access.intercept.FilterSecurityInterceptor@6e7dad2]
2022-01-08 16:59:52,638 INFO o.s.b.d.a.OptionalLiveReloadServer [restartedMain] LiveReload server is running on port 35729
2022-01-08 16:59:52,652 INFO o.a.j.l.DirectJDKLog [restartedMain] Starting ProtocolHandler ["http-nio-8081"]
2022-01-08 16:59:52,659 INFO o.s.b.w.e.t.TomcatWebServer [restartedMain] Tomcat started on port(s): 8081 (http) with context path ''
2022-01-08 16:59:52,667 INFO o.s.b.StartupInfoLogger [restartedMain] Started AbcCarSaleApplication in 2.541 seconds (JVM running for 74.412)
2022-01-08 16:59:52,670 INFO o.s.b.d.a.ConditionEvaluationDeltaLoggingListener [restartedMain] Condition evaluation unchanged
2022-01-08 16:59:55,408 INFO o.a.j.l.DirectJDKLog [http-nio-8081-exec-1] Initializing Spring DispatcherServlet 'dispatcherServlet'
2022-01-08 16:59:55,409 INFO o.s.w.s.FrameworkServlet [http-nio-8081-exec-1] Initializing Servlet 'dispatcherServlet'
2022-01-08 16:59:55,411 INFO o.s.w.s.FrameworkServlet [http-nio-8081-exec-1] Completed initialization in 2 ms
2022-01-08 17:00:01,322 INFO c.c.a.c.LoginController [http-nio-8081-exec-2] Before login
2022-01-08 17:00:01,567 INFO c.c.a.s.SecureUserDetailsServiceImpl [http-nio-8081-exec-2] in  userdetails service
2022-01-08 17:00:01,572 DEBUG o.h.e.j.s.SqlStatementLogger [http-nio-8081-exec-2] select user0_.user_id as user_id1_4_, user0_.email_id as email_id2_4_, user0_.mobile_number as mobile_n3_4_, user0_.name as name4_4_, user0_.password as password5_4_, user0_.status as status6_4_, user0_.user_name as user_nam7_4_ from user user0_ where user0_.user_name=?
2022-01-08 17:00:01,594 WARN o.s.w.s.h.AbstractHandlerExceptionResolver [http-nio-8081-exec-2] Resolved [org.springframework.security.authentication.InternalAuthenticationServiceException: No value present]
2022-01-08 17:00:13,729 INFO c.c.a.c.LoginController [http-nio-8081-exec-4] Before login
2022-01-08 17:00:13,731 INFO c.c.a.s.SecureUserDetailsServiceImpl [http-nio-8081-exec-4] in  userdetails service
2022-01-08 17:00:13,733 DEBUG o.h.e.j.s.SqlStatementLogger [http-nio-8081-exec-4] select user0_.user_id as user_id1_4_, user0_.email_id as email_id2_4_, user0_.mobile_number as mobile_n3_4_, user0_.name as name4_4_, user0_.password as password5_4_, user0_.status as status6_4_, user0_.user_name as user_nam7_4_ from user user0_ where user0_.user_name=?
2022-01-08 17:00:13,779 DEBUG o.h.e.j.s.SqlStatementLogger [http-nio-8081-exec-4] select role0_.user_id as user_id1_5_0_, role0_.role_id as role_id2_5_0_, role1_.role_id as role_id1_3_1_, role1_.user_role as user_rol2_3_1_ from users_roles role0_ inner join roles role1_ on role0_.role_id=role1_.role_id where role0_.user_id=?
2022-01-08 17:00:14,022 INFO c.c.a.c.LoginController [http-nio-8081-exec-4] Bad creddentials: 
2022-01-08 17:00:30,897 INFO c.c.a.c.LoginController [http-nio-8081-exec-7] Before login
2022-01-08 17:00:30,898 INFO c.c.a.s.SecureUserDetailsServiceImpl [http-nio-8081-exec-7] in  userdetails service
2022-01-08 17:00:30,900 DEBUG o.h.e.j.s.SqlStatementLogger [http-nio-8081-exec-7] select user0_.user_id as user_id1_4_, user0_.email_id as email_id2_4_, user0_.mobile_number as mobile_n3_4_, user0_.name as name4_4_, user0_.password as password5_4_, user0_.status as status6_4_, user0_.user_name as user_nam7_4_ from user user0_ where user0_.user_name=?
2022-01-08 17:00:30,904 DEBUG o.h.e.j.s.SqlStatementLogger [http-nio-8081-exec-7] select role0_.user_id as user_id1_5_0_, role0_.role_id as role_id2_5_0_, role1_.role_id as role_id1_3_1_, role1_.user_role as user_rol2_3_1_ from users_roles role0_ inner join roles role1_ on role0_.role_id=role1_.role_id where role0_.user_id=?
2022-01-08 17:00:31,117 INFO c.c.a.c.LoginController [http-nio-8081-exec-7] After login
2022-01-08 17:00:32,722 INFO c.c.a.c.HomePageController [http-nio-8081-exec-8] In Home page controller
