2022-01-09 14:31:32,607 INFO o.s.b.StartupInfoLogger [restartedMain] Starting AbcCarSaleApplication using Java 1.8.0_271 on HYDLPT-2GMX5 with PID 24644 (C:\Users\ramannpr\support_works\car sale application\abc-carsale-application\target\classes started by ramannpr in C:\Users\ramannpr\support_works\car sale application\abc-carsale-application)
2022-01-09 14:31:32,624 DEBUG o.s.b.StartupInfoLogger [restartedMain] Running with Spring Boot v2.5.8, Spring v5.3.14
2022-01-09 14:31:32,625 INFO o.s.b.SpringApplication [restartedMain] No active profile set, falling back to default profiles: default
2022-01-09 14:31:32,722 INFO o.s.b.l.DeferredLog [restartedMain] Devtools property defaults active! Set 'spring.devtools.add-properties' to 'false' to disable
2022-01-09 14:31:32,723 INFO o.s.b.l.DeferredLog [restartedMain] For additional web related logging consider setting the 'logging.level.web' property to 'DEBUG'
2022-01-09 14:31:34,097 INFO o.s.d.r.c.RepositoryConfigurationDelegate [restartedMain] Bootstrapping Spring Data JPA repositories in DEFAULT mode.
2022-01-09 14:31:34,286 INFO o.s.d.r.c.RepositoryConfigurationDelegate [restartedMain] Finished Spring Data repository scanning in 172 ms. Found 6 JPA repository interfaces.
2022-01-09 14:31:34,987 INFO o.s.c.s.PostProcessorRegistrationDelegate$BeanPostProcessorChecker [restartedMain] Bean 'org.springframework.security.access.expression.method.DefaultMethodSecurityExpressionHandler@5a1f9bcb' of type [org.springframework.security.access.expression.method.DefaultMethodSecurityExpressionHandler] is not eligible for getting processed by all BeanPostProcessors (for example: not eligible for auto-proxying)
2022-01-09 14:31:34,998 INFO o.s.c.s.PostProcessorRegistrationDelegate$BeanPostProcessorChecker [restartedMain] Bean 'methodSecurityMetadataSource' of type [org.springframework.security.access.method.DelegatingMethodSecurityMetadataSource] is not eligible for getting processed by all BeanPostProcessors (for example: not eligible for auto-proxying)
2022-01-09 14:31:36,338 INFO o.s.b.w.e.t.TomcatWebServer [restartedMain] Tomcat initialized with port(s): 8081 (http)
2022-01-09 14:31:36,354 INFO o.a.j.l.DirectJDKLog [restartedMain] Initializing ProtocolHandler ["http-nio-8081"]
2022-01-09 14:31:36,355 INFO o.a.j.l.DirectJDKLog [restartedMain] Starting service [Tomcat]
2022-01-09 14:31:36,356 INFO o.a.j.l.DirectJDKLog [restartedMain] Starting Servlet engine: [Apache Tomcat/9.0.56]
2022-01-09 14:31:36,360 WARN o.a.j.l.DirectJDKLog [restartedMain] This listener must only be nested within Server elements, but is in [TomcatEmbeddedContext].
2022-01-09 14:31:36,360 INFO o.a.j.l.DirectJDKLog [restartedMain] An older version [1.2.27] of the Apache Tomcat Native library is installed, while Tomcat recommends a minimum version of [1.2.30]
2022-01-09 14:31:36,361 INFO o.a.j.l.DirectJDKLog [restartedMain] Loaded Apache Tomcat Native library [1.2.27] using APR version [1.7.0].
2022-01-09 14:31:36,361 INFO o.a.j.l.DirectJDKLog [restartedMain] APR capabilities: IPv6 [true], sendfile [true], accept filters [false], random [true], UDS [true].
2022-01-09 14:31:36,361 INFO o.a.j.l.DirectJDKLog [restartedMain] APR/OpenSSL configuration: useAprConnector [false], useOpenSSL [true]
2022-01-09 14:31:36,365 INFO o.a.j.l.DirectJDKLog [restartedMain] OpenSSL successfully initialized [OpenSSL 1.1.1k  25 Mar 2021]
2022-01-09 14:31:36,821 INFO o.a.j.l.DirectJDKLog [restartedMain] At least one JAR was scanned for TLDs yet contained no TLDs. Enable debug logging for this logger for a complete list of JARs that were scanned but no TLDs were found in them. Skipping unneeded JARs during scanning can improve startup time and JSP compilation time.
2022-01-09 14:31:36,838 INFO o.a.j.l.DirectJDKLog [restartedMain] Initializing Spring embedded WebApplicationContext
2022-01-09 14:31:36,839 INFO o.s.b.w.s.c.ServletWebServerApplicationContext [restartedMain] Root WebApplicationContext: initialization completed in 4114 ms
2022-01-09 14:31:37,238 INFO o.h.j.i.u.LogHelper [restartedMain] HHH000204: Processing PersistenceUnitInfo [name: default]
2022-01-09 14:31:37,362 INFO o.h.Version [restartedMain] HHH000412: Hibernate ORM core version 5.4.33
2022-01-09 14:31:37,624 INFO o.h.a.c.r.j.JavaReflectionManager [restartedMain] HCANN000001: Hibernate Commons Annotations {5.1.2.Final}
2022-01-09 14:31:37,856 INFO c.z.h.HikariDataSource [restartedMain] HikariPool-1 - Starting...
2022-01-09 14:31:39,145 INFO c.z.h.HikariDataSource [restartedMain] HikariPool-1 - Start completed.
2022-01-09 14:31:39,168 INFO o.h.d.Dialect [restartedMain] HHH000400: Using dialect: org.hibernate.dialect.MySQL5Dialect
2022-01-09 14:31:40,756 DEBUG o.h.e.j.s.SqlStatementLogger [restartedMain] alter table users_roles add constraint FKj6m8fwv7oqv74fcehir1a9ffy foreign key (role_id) references roles (role_id)
2022-01-09 14:31:40,851 DEBUG o.h.e.j.s.SqlStatementLogger [restartedMain] alter table users_roles add constraint FKgd3iendaoyh04b95ykqise6qh foreign key (user_id) references user (user_id)
2022-01-09 14:31:40,909 INFO o.h.e.t.j.p.i.JtaPlatformInitiator [restartedMain] HHH000490: Using JtaPlatform implementation: [org.hibernate.engine.transaction.jta.platform.internal.NoJtaPlatform]
2022-01-09 14:31:40,928 INFO o.s.o.j.AbstractEntityManagerFactoryBean [restartedMain] Initialized JPA EntityManagerFactory for persistence unit 'default'
2022-01-09 14:31:41,050 WARN o.s.b.a.o.j.JpaBaseConfiguration$JpaWebConfiguration [restartedMain] spring.jpa.open-in-view is enabled by default. Therefore, database queries may be performed during view rendering. Explicitly configure spring.jpa.open-in-view to disable this warning
2022-01-09 14:31:43,007 INFO o.s.s.w.DefaultSecurityFilterChain [restartedMain] Will secure any request with [org.springframework.security.web.context.request.async.WebAsyncManagerIntegrationFilter@88da698, org.springframework.security.web.context.SecurityContextPersistenceFilter@4fed2a10, org.springframework.security.web.header.HeaderWriterFilter@3c84b3aa, org.springframework.security.web.authentication.logout.LogoutFilter@34ef19b9, org.springframework.security.web.authentication.www.BasicAuthenticationFilter@3b46cb73, org.springframework.security.web.savedrequest.RequestCacheAwareFilter@15735f2d, org.springframework.security.web.servletapi.SecurityContextHolderAwareRequestFilter@1c0aea04, org.springframework.security.web.authentication.AnonymousAuthenticationFilter@2cb6527e, org.springframework.security.web.session.SessionManagementFilter@5e0b78e3, org.springframework.security.web.access.ExceptionTranslationFilter@302c3bd2, org.springframework.security.web.access.intercept.FilterSecurityInterceptor@45b6e32d]
2022-01-09 14:31:43,853 INFO o.s.b.d.a.OptionalLiveReloadServer [restartedMain] LiveReload server is running on port 35729
2022-01-09 14:31:43,899 INFO o.a.j.l.DirectJDKLog [restartedMain] Starting ProtocolHandler ["http-nio-8081"]
2022-01-09 14:31:43,967 INFO o.s.b.w.e.t.TomcatWebServer [restartedMain] Tomcat started on port(s): 8081 (http) with context path ''
2022-01-09 14:31:43,989 INFO o.s.b.StartupInfoLogger [restartedMain] Started AbcCarSaleApplication in 12.113 seconds (JVM running for 13.858)
2022-01-09 14:31:49,419 INFO o.a.j.l.DirectJDKLog [http-nio-8081-exec-1] Initializing Spring DispatcherServlet 'dispatcherServlet'
2022-01-09 14:31:49,420 INFO o.s.w.s.FrameworkServlet [http-nio-8081-exec-1] Initializing Servlet 'dispatcherServlet'
2022-01-09 14:31:49,423 INFO o.s.w.s.FrameworkServlet [http-nio-8081-exec-1] Completed initialization in 2 ms
2022-01-09 14:31:49,506 INFO c.c.a.c.HomePageController [http-nio-8081-exec-1] In Home page controller
2022-01-09 14:32:04,466 INFO c.c.a.c.LoginController [http-nio-8081-exec-4] Before login
2022-01-09 14:32:04,703 INFO c.c.a.s.SecureUserDetailsServiceImpl [http-nio-8081-exec-4] in  userdetails service
2022-01-09 14:32:04,756 DEBUG o.h.e.j.s.SqlStatementLogger [http-nio-8081-exec-4] select user0_.user_id as user_id1_5_, user0_.email_id as email_id2_5_, user0_.mobile_number as mobile_n3_5_, user0_.name as name4_5_, user0_.password as password5_5_, user0_.status as status6_5_, user0_.user_name as user_nam7_5_ from user user0_ where user0_.user_name=?
2022-01-09 14:32:04,876 DEBUG o.h.e.j.s.SqlStatementLogger [http-nio-8081-exec-4] select role0_.user_id as user_id1_6_0_, role0_.role_id as role_id2_6_0_, role1_.role_id as role_id1_3_1_, role1_.user_role as user_rol2_3_1_ from users_roles role0_ inner join roles role1_ on role0_.role_id=role1_.role_id where role0_.user_id=?
2022-01-09 14:32:05,143 INFO c.c.a.c.LoginController [http-nio-8081-exec-4] After login
2022-01-09 14:32:11,109 INFO c.c.a.c.HomePageController [http-nio-8081-exec-5] In Home page controller
2022-01-09 14:32:12,741 INFO c.c.a.c.CarOperationsController [http-nio-8081-exec-6] In car operations controller
2022-01-09 14:32:12,774 INFO c.c.a.s.CarServiceImpl [http-nio-8081-exec-6] In service class before fetching all car details
2022-01-09 14:32:12,779 DEBUG o.h.e.j.s.SqlStatementLogger [http-nio-8081-exec-6] select car0_.car_id as car_id1_1_, car0_.car_model as car_mode2_1_, car0_.car_number as car_numb3_1_, car0_.file as file4_1_, car0_.price as price5_1_, car0_.registration_year as registra6_1_, car0_.status as status7_1_, car0_.user_name as user_nam8_1_ from car car0_ where car0_.user_name=?
2022-01-09 14:32:12,786 INFO c.c.a.s.CarServiceImpl [http-nio-8081-exec-6] In service class after fetching all car details
