2022-01-09 14:28:13,456 INFO o.s.b.StartupInfoLogger [restartedMain] Starting AbcCarSaleApplication using Java 1.8.0_271 on HYDLPT-2GMX5 with PID 26148 (C:\Users\ramannpr\support_works\car sale application\abc-carsale-application\target\classes started by ramannpr in C:\Users\ramannpr\support_works\car sale application\abc-carsale-application)
2022-01-09 14:28:13,480 DEBUG o.s.b.StartupInfoLogger [restartedMain] Running with Spring Boot v2.5.8, Spring v5.3.14
2022-01-09 14:28:13,481 INFO o.s.b.SpringApplication [restartedMain] No active profile set, falling back to default profiles: default
2022-01-09 14:28:13,638 INFO o.s.b.l.DeferredLog [restartedMain] Devtools property defaults active! Set 'spring.devtools.add-properties' to 'false' to disable
2022-01-09 14:28:13,638 INFO o.s.b.l.DeferredLog [restartedMain] For additional web related logging consider setting the 'logging.level.web' property to 'DEBUG'
2022-01-09 14:28:15,007 INFO o.s.d.r.c.RepositoryConfigurationDelegate [restartedMain] Bootstrapping Spring Data JPA repositories in DEFAULT mode.
2022-01-09 14:28:15,182 INFO o.s.d.r.c.RepositoryConfigurationDelegate [restartedMain] Finished Spring Data repository scanning in 155 ms. Found 6 JPA repository interfaces.
2022-01-09 14:28:15,849 INFO o.s.c.s.PostProcessorRegistrationDelegate$BeanPostProcessorChecker [restartedMain] Bean 'org.springframework.security.access.expression.method.DefaultMethodSecurityExpressionHandler@528669f6' of type [org.springframework.security.access.expression.method.DefaultMethodSecurityExpressionHandler] is not eligible for getting processed by all BeanPostProcessors (for example: not eligible for auto-proxying)
2022-01-09 14:28:15,862 INFO o.s.c.s.PostProcessorRegistrationDelegate$BeanPostProcessorChecker [restartedMain] Bean 'methodSecurityMetadataSource' of type [org.springframework.security.access.method.DelegatingMethodSecurityMetadataSource] is not eligible for getting processed by all BeanPostProcessors (for example: not eligible for auto-proxying)
2022-01-09 14:28:17,408 INFO o.s.b.w.e.t.TomcatWebServer [restartedMain] Tomcat initialized with port(s): 8081 (http)
2022-01-09 14:28:17,426 INFO o.a.j.l.DirectJDKLog [restartedMain] Initializing ProtocolHandler ["http-nio-8081"]
2022-01-09 14:28:17,426 INFO o.a.j.l.DirectJDKLog [restartedMain] Starting service [Tomcat]
2022-01-09 14:28:17,427 INFO o.a.j.l.DirectJDKLog [restartedMain] Starting Servlet engine: [Apache Tomcat/9.0.56]
2022-01-09 14:28:17,432 WARN o.a.j.l.DirectJDKLog [restartedMain] This listener must only be nested within Server elements, but is in [TomcatEmbeddedContext].
2022-01-09 14:28:17,433 INFO o.a.j.l.DirectJDKLog [restartedMain] An older version [1.2.27] of the Apache Tomcat Native library is installed, while Tomcat recommends a minimum version of [1.2.30]
2022-01-09 14:28:17,434 INFO o.a.j.l.DirectJDKLog [restartedMain] Loaded Apache Tomcat Native library [1.2.27] using APR version [1.7.0].
2022-01-09 14:28:17,434 INFO o.a.j.l.DirectJDKLog [restartedMain] APR capabilities: IPv6 [true], sendfile [true], accept filters [false], random [true], UDS [true].
2022-01-09 14:28:17,435 INFO o.a.j.l.DirectJDKLog [restartedMain] APR/OpenSSL configuration: useAprConnector [false], useOpenSSL [true]
2022-01-09 14:28:17,440 INFO o.a.j.l.DirectJDKLog [restartedMain] OpenSSL successfully initialized [OpenSSL 1.1.1k  25 Mar 2021]
2022-01-09 14:28:17,973 INFO o.a.j.l.DirectJDKLog [restartedMain] At least one JAR was scanned for TLDs yet contained no TLDs. Enable debug logging for this logger for a complete list of JARs that were scanned but no TLDs were found in them. Skipping unneeded JARs during scanning can improve startup time and JSP compilation time.
2022-01-09 14:28:17,991 INFO o.a.j.l.DirectJDKLog [restartedMain] Initializing Spring embedded WebApplicationContext
2022-01-09 14:28:17,992 INFO o.s.b.w.s.c.ServletWebServerApplicationContext [restartedMain] Root WebApplicationContext: initialization completed in 4352 ms
2022-01-09 14:28:18,354 INFO o.h.j.i.u.LogHelper [restartedMain] HHH000204: Processing PersistenceUnitInfo [name: default]
2022-01-09 14:28:18,463 INFO o.h.Version [restartedMain] HHH000412: Hibernate ORM core version 5.4.33
2022-01-09 14:28:18,661 INFO o.h.a.c.r.j.JavaReflectionManager [restartedMain] HCANN000001: Hibernate Commons Annotations {5.1.2.Final}
2022-01-09 14:28:18,809 INFO c.z.h.HikariDataSource [restartedMain] HikariPool-1 - Starting...
2022-01-09 14:28:19,999 INFO c.z.h.HikariDataSource [restartedMain] HikariPool-1 - Start completed.
2022-01-09 14:28:20,027 INFO o.h.d.Dialect [restartedMain] HHH000400: Using dialect: org.hibernate.dialect.MySQL5Dialect
2022-01-09 14:28:21,565 DEBUG o.h.e.j.s.SqlStatementLogger [restartedMain] alter table users_roles add constraint FKj6m8fwv7oqv74fcehir1a9ffy foreign key (role_id) references roles (role_id)
2022-01-09 14:28:21,650 DEBUG o.h.e.j.s.SqlStatementLogger [restartedMain] alter table users_roles add constraint FKgd3iendaoyh04b95ykqise6qh foreign key (user_id) references user (user_id)
2022-01-09 14:28:21,697 INFO o.h.e.t.j.p.i.JtaPlatformInitiator [restartedMain] HHH000490: Using JtaPlatform implementation: [org.hibernate.engine.transaction.jta.platform.internal.NoJtaPlatform]
2022-01-09 14:28:21,713 INFO o.s.o.j.AbstractEntityManagerFactoryBean [restartedMain] Initialized JPA EntityManagerFactory for persistence unit 'default'
2022-01-09 14:28:21,828 WARN o.s.b.a.o.j.JpaBaseConfiguration$JpaWebConfiguration [restartedMain] spring.jpa.open-in-view is enabled by default. Therefore, database queries may be performed during view rendering. Explicitly configure spring.jpa.open-in-view to disable this warning
2022-01-09 14:28:24,037 INFO o.s.s.w.DefaultSecurityFilterChain [restartedMain] Will secure any request with [org.springframework.security.web.context.request.async.WebAsyncManagerIntegrationFilter@31844edc, org.springframework.security.web.context.SecurityContextPersistenceFilter@70f70e63, org.springframework.security.web.header.HeaderWriterFilter@7934b255, org.springframework.security.web.authentication.logout.LogoutFilter@1ac9888b, org.springframework.security.web.authentication.www.BasicAuthenticationFilter@3b59ca, org.springframework.security.web.savedrequest.RequestCacheAwareFilter@247af210, org.springframework.security.web.servletapi.SecurityContextHolderAwareRequestFilter@47c07bfb, org.springframework.security.web.authentication.AnonymousAuthenticationFilter@4a5ab91f, org.springframework.security.web.session.SessionManagementFilter@135bec92, org.springframework.security.web.access.ExceptionTranslationFilter@2ae1d11b, org.springframework.security.web.access.intercept.FilterSecurityInterceptor@20fcd6ff]
2022-01-09 14:28:24,795 INFO o.s.b.d.a.OptionalLiveReloadServer [restartedMain] LiveReload server is running on port 35729
2022-01-09 14:28:24,834 INFO o.a.j.l.DirectJDKLog [restartedMain] Starting ProtocolHandler ["http-nio-8081"]
2022-01-09 14:28:24,889 INFO o.s.b.w.e.t.TomcatWebServer [restartedMain] Tomcat started on port(s): 8081 (http) with context path ''
2022-01-09 14:28:24,908 INFO o.s.b.StartupInfoLogger [restartedMain] Started AbcCarSaleApplication in 12.173 seconds (JVM running for 13.826)
2022-01-09 14:28:32,255 INFO o.a.j.l.DirectJDKLog [http-nio-8081-exec-1] Initializing Spring DispatcherServlet 'dispatcherServlet'
2022-01-09 14:28:32,255 INFO o.s.w.s.FrameworkServlet [http-nio-8081-exec-1] Initializing Servlet 'dispatcherServlet'
2022-01-09 14:28:32,258 INFO o.s.w.s.FrameworkServlet [http-nio-8081-exec-1] Completed initialization in 2 ms
2022-01-09 14:28:51,239 INFO c.c.a.c.LoginController [http-nio-8081-exec-3] Before login
2022-01-09 14:28:51,479 INFO c.c.a.s.SecureUserDetailsServiceImpl [http-nio-8081-exec-3] in  userdetails service
2022-01-09 14:28:51,530 DEBUG o.h.e.j.s.SqlStatementLogger [http-nio-8081-exec-3] select user0_.user_id as user_id1_5_, user0_.email_id as email_id2_5_, user0_.mobile_number as mobile_n3_5_, user0_.name as name4_5_, user0_.password as password5_5_, user0_.status as status6_5_, user0_.user_name as user_nam7_5_ from user user0_ where user0_.user_name=?
2022-01-09 14:28:51,600 DEBUG o.h.e.j.s.SqlStatementLogger [http-nio-8081-exec-3] select role0_.user_id as user_id1_6_0_, role0_.role_id as role_id2_6_0_, role1_.role_id as role_id1_3_1_, role1_.user_role as user_rol2_3_1_ from users_roles role0_ inner join roles role1_ on role0_.role_id=role1_.role_id where role0_.user_id=?
2022-01-09 14:28:51,885 INFO c.c.a.c.LoginController [http-nio-8081-exec-3] After login
2022-01-09 14:28:56,150 INFO c.c.a.c.HomePageController [http-nio-8081-exec-4] In Home page controller
2022-01-09 14:28:59,135 INFO c.c.a.c.CarOperationsController [http-nio-8081-exec-5] In car operations controller
2022-01-09 14:28:59,166 INFO c.c.a.s.CarServiceImpl [http-nio-8081-exec-5] In service class before fetching all car details
2022-01-09 14:28:59,173 DEBUG o.h.e.j.s.SqlStatementLogger [http-nio-8081-exec-5] select car0_.car_id as car_id1_1_, car0_.car_model as car_mode2_1_, car0_.car_number as car_numb3_1_, car0_.file as file4_1_, car0_.price as price5_1_, car0_.registration_year as registra6_1_, car0_.status as status7_1_, car0_.user_name as user_nam8_1_ from car car0_ where car0_.user_name=?
2022-01-09 14:28:59,185 INFO c.c.a.s.CarServiceImpl [http-nio-8081-exec-5] In service class after fetching all car details
2022-01-09 14:29:04,832 INFO c.c.a.c.HomePageController [http-nio-8081-exec-9] In Home page controller
2022-01-09 14:29:54,040 INFO c.c.a.c.CarOperationsController [http-nio-8081-exec-1] In car operations controller
2022-01-09 14:29:54,062 INFO c.c.a.s.CarServiceImpl [http-nio-8081-exec-1] In service class before save car details
2022-01-09 14:29:54,100 DEBUG o.h.e.j.s.SqlStatementLogger [http-nio-8081-exec-1] insert into car (car_model, car_number, file, price, registration_year, status, user_name) values (?, ?, ?, ?, ?, ?, ?)
2022-01-09 14:29:54,120 INFO c.c.a.s.CarServiceImpl [http-nio-8081-exec-1] In service class after save car details
2022-01-09 14:29:55,499 INFO c.c.a.c.HomePageController [http-nio-8081-exec-2] In Home page controller
2022-01-09 14:29:57,419 INFO c.c.a.c.CarOperationsController [http-nio-8081-exec-3] In car operations controller
2022-01-09 14:29:57,422 INFO c.c.a.s.CarServiceImpl [http-nio-8081-exec-3] In service class before fetching all car details
2022-01-09 14:29:57,426 DEBUG o.h.e.j.s.SqlStatementLogger [http-nio-8081-exec-3] select car0_.car_id as car_id1_1_, car0_.car_model as car_mode2_1_, car0_.car_number as car_numb3_1_, car0_.file as file4_1_, car0_.price as price5_1_, car0_.registration_year as registra6_1_, car0_.status as status7_1_, car0_.user_name as user_nam8_1_ from car car0_ where car0_.user_name=?
2022-01-09 14:29:57,430 INFO c.c.a.s.CarServiceImpl [http-nio-8081-exec-3] In service class after fetching all car details
